<?xml version="1.0" encoding="UTF-8"?>
<!-- Generated by org.testng.reporters.JUnitXMLReporter -->
<testsuite hostname="PC" tests="4" failures="0" timestamp="8 Apr 2014 03:56:18 GMT" time="46.854" errors="0">
  <testcase name="testCase04" time="3.592" classname="TestScript04"/>
  <testcase name="testCase04" time="1.49" classname="TestScript04"/>
  <testcase name="testCase04" time="1.431" classname="TestScript04"/>
  <testcase name="testCase04" time="1.483" classname="TestScript04"/>
</testsuite>
