<?xml version="1.0" encoding="UTF-8"?>
<!-- Generated by org.testng.reporters.JUnitXMLReporter -->
<testsuite hostname="PC" tests="4" failures="0" timestamp="8 Apr 2014 04:29:26 GMT" time="36.518" errors="0">
  <testcase name="testCase05" time="3.761" classname="TestScript05"/>
  <testcase name="testCase05" time="1.502" classname="TestScript05"/>
  <testcase name="testCase05" time="1.499" classname="TestScript05"/>
  <testcase name="testCase05" time="1.565" classname="TestScript05"/>
</testsuite>
