<?xml version="1.0" encoding="UTF-8"?>
<!-- Generated by org.testng.reporters.JUnitXMLReporter -->
<testsuite hostname="PC" tests="4" failures="0" timestamp="8 Apr 2014 05:01:57 GMT" time="32.865" errors="0">
  <testcase name="testCase05" time="3.794" classname="TestScript06"/>
  <testcase name="testCase05" time="1.476" classname="TestScript06"/>
  <testcase name="testCase05" time="1.556" classname="TestScript06"/>
  <testcase name="testCase05" time="1.485" classname="TestScript06"/>
</testsuite>
