<?xml version="1.0" encoding="UTF-8"?>
<testng-results skipped="0" failed="0" total="4" passed="4">
  <reporter-output>
  </reporter-output>
  <suite name="Default suite" duration-ms="36518" started-at="2014-04-08T04:28:50Z" finished-at="2014-04-08T04:29:26Z">
    <groups>
    </groups>
    <test name="Default test" duration-ms="36518" started-at="2014-04-08T04:28:50Z" finished-at="2014-04-08T04:29:26Z">
      <class name="TestScript05">
        <test-method status="PASS" signature="setUp()[pri:0, instance:TestScript05@24f61190]" name="setUp" is-config="true" duration-ms="6031" started-at="2014-04-08T09:58:50Z" finished-at="2014-04-08T09:58:56Z">
          <reporter-output>
          </reporter-output>
        </test-method> <!-- setUp -->
        <test-method status="PASS" signature="testCase05(java.lang.String, java.lang.String)[pri:0, instance:TestScript05@24f61190]" name="testCase05" duration-ms="3761" started-at="2014-04-08T09:58:56Z" data-provider="GuruTest" finished-at="2014-04-08T09:58:59Z">
          <params>
            <param index="0">
              <value>
                <![CDATA[mngr1336]]>
              </value>
            </param>
            <param index="1">
              <value>
                <![CDATA[dAnavUq]]>
              </value>
            </param>
          </params>
          <reporter-output>
          </reporter-output>
        </test-method> <!-- testCase05 -->
        <test-method status="PASS" signature="tearDown()[pri:0, instance:TestScript05@24f61190]" name="tearDown" is-config="true" duration-ms="150" started-at="2014-04-08T09:58:59Z" finished-at="2014-04-08T09:59:00Z">
          <reporter-output>
          </reporter-output>
        </test-method> <!-- tearDown -->
        <test-method status="PASS" signature="setUp()[pri:0, instance:TestScript05@24f61190]" name="setUp" is-config="true" duration-ms="5235" started-at="2014-04-08T09:59:00Z" finished-at="2014-04-08T09:59:05Z">
          <reporter-output>
          </reporter-output>
        </test-method> <!-- setUp -->
        <test-method status="PASS" signature="testCase05(java.lang.String, java.lang.String)[pri:0, instance:TestScript05@24f61190]" name="testCase05" duration-ms="1502" started-at="2014-04-08T09:59:05Z" data-provider="GuruTest" finished-at="2014-04-08T09:59:06Z">
          <params>
            <param index="0">
              <value>
                <![CDATA[invalid]]>
              </value>
            </param>
            <param index="1">
              <value>
                <![CDATA[valid]]>
              </value>
            </param>
          </params>
          <reporter-output>
          </reporter-output>
        </test-method> <!-- testCase05 -->
        <test-method status="PASS" signature="tearDown()[pri:0, instance:TestScript05@24f61190]" name="tearDown" is-config="true" duration-ms="137" started-at="2014-04-08T09:59:06Z" finished-at="2014-04-08T09:59:06Z">
          <reporter-output>
          </reporter-output>
        </test-method> <!-- tearDown -->
        <test-method status="PASS" signature="setUp()[pri:0, instance:TestScript05@24f61190]" name="setUp" is-config="true" duration-ms="5114" started-at="2014-04-08T09:59:06Z" finished-at="2014-04-08T09:59:12Z">
          <reporter-output>
          </reporter-output>
        </test-method> <!-- setUp -->
        <test-method status="PASS" signature="testCase05(java.lang.String, java.lang.String)[pri:0, instance:TestScript05@24f61190]" name="testCase05" duration-ms="1499" started-at="2014-04-08T09:59:12Z" data-provider="GuruTest" finished-at="2014-04-08T09:59:13Z">
          <params>
            <param index="0">
              <value>
                <![CDATA[valid]]>
              </value>
            </param>
            <param index="1">
              <value>
                <![CDATA[invalid]]>
              </value>
            </param>
          </params>
          <reporter-output>
          </reporter-output>
        </test-method> <!-- testCase05 -->
        <test-method status="PASS" signature="tearDown()[pri:0, instance:TestScript05@24f61190]" name="tearDown" is-config="true" duration-ms="143" started-at="2014-04-08T09:59:13Z" finished-at="2014-04-08T09:59:13Z">
          <reporter-output>
          </reporter-output>
        </test-method> <!-- tearDown -->
        <test-method status="PASS" signature="setUp()[pri:0, instance:TestScript05@24f61190]" name="setUp" is-config="true" duration-ms="11225" started-at="2014-04-08T09:59:13Z" finished-at="2014-04-08T09:59:24Z">
          <reporter-output>
          </reporter-output>
        </test-method> <!-- setUp -->
        <test-method status="PASS" signature="testCase05(java.lang.String, java.lang.String)[pri:0, instance:TestScript05@24f61190]" name="testCase05" duration-ms="1565" started-at="2014-04-08T09:59:24Z" data-provider="GuruTest" finished-at="2014-04-08T09:59:26Z">
          <params>
            <param index="0">
              <value>
                <![CDATA[invalid]]>
              </value>
            </param>
            <param index="1">
              <value>
                <![CDATA[invalid]]>
              </value>
            </param>
          </params>
          <reporter-output>
          </reporter-output>
        </test-method> <!-- testCase05 -->
        <test-method status="PASS" signature="tearDown()[pri:0, instance:TestScript05@24f61190]" name="tearDown" is-config="true" duration-ms="136" started-at="2014-04-08T09:59:26Z" finished-at="2014-04-08T09:59:26Z">
          <reporter-output>
          </reporter-output>
        </test-method> <!-- tearDown -->
      </class> <!-- TestScript05 -->
    </test> <!-- Default test -->
  </suite> <!-- Default suite -->
</testng-results>
